Mono runtime detected.
Operating system: Microsoft Windows NT 6.2.9200.0
Opening INI file "C:\users\katsushimi\Documents\GitHub\sonic-1-github-madness-3\SonPLN.ini"...
Game type is S1.
Loading Title Screen Logo...
Loading plane mappings from file "mapeni/titlescr_bg.bin", using compression Enigma...
Loading dummy tile data.
Loading palette file "pallet/title.bin"...
Source: 0 Destination: 0 Length: 64
Loading 8x8 tiles from file "artnem/titlefor.bin", using compression Nemesis...
Load completed.
System.ArgumentException: A null reference or invalid value was found [GDI+ status: InvalidParameter]
  at System.Drawing.GDIPlus.CheckStatus (System.Drawing.Status status) [0x00098] in <b58d88bd041145279c2003cf306f84d5>:0 
  at System.Drawing.Bitmap.FromHicon (System.IntPtr hicon) [0x00008] in <b58d88bd041145279c2003cf306f84d5>:0 
  at System.Drawing.Icon..ctor (System.IntPtr handle) [0x00018] in <b58d88bd041145279c2003cf306f84d5>:0 
  at (wrapper remoting-invoke-with-check) System.Drawing.Icon..ctor(intptr)
  at System.Drawing.Icon.FromHandle (System.IntPtr handle) [0x00018] in <b58d88bd041145279c2003cf306f84d5>:0 
  at System.Windows.Forms.Cursor.get_HotSpot () [0x00015] in <ef3dd1b1af11490e89408e0d9c28d1f0>:0 
  at System.Windows.Forms.ToolStrip.UpdateToolTip (System.Windows.Forms.ToolStripItem item) [0x0009b] in <ef3dd1b1af11490e89408e0d9c28d1f0>:0 
  at (wrapper remoting-invoke-with-check) System.Windows.Forms.ToolStrip.UpdateToolTip(System.Windows.Forms.ToolStripItem)
  at System.Windows.Forms.ToolStripItem.OnMouseHover (System.EventArgs e) [0x00025] in <ef3dd1b1af11490e89408e0d9c28d1f0>:0 
  at System.Windows.Forms.ToolStripItem.HandleMouseHover (System.EventArgs e) [0x00001] in <ef3dd1b1af11490e89408e0d9c28d1f0>:0 
  at System.Windows.Forms.ToolStripItem.FireEventInteractive (System.EventArgs e, System.Windows.Forms.ToolStripItemEventType met) [0x00049] in <ef3dd1b1af11490e89408e0d9c28d1f0>:0 
  at System.Windows.Forms.ToolStripItem.FireEvent (System.EventArgs e, System.Windows.Forms.ToolStripItemEventType met) [0x00086] in <ef3dd1b1af11490e89408e0d9c28d1f0>:0 
  at (wrapper remoting-invoke-with-check) System.Windows.Forms.ToolStripItem.FireEvent(System.EventArgs,System.Windows.Forms.ToolStripItemEventType)
  at System.Windows.Forms.MouseHoverTimer.OnTick (System.Object sender, System.EventArgs e) [0x0002c] in <ef3dd1b1af11490e89408e0d9c28d1f0>:0 
  at System.Windows.Forms.Timer.OnTick (System.EventArgs e) [0x0000a] in <ef3dd1b1af11490e89408e0d9c28d1f0>:0 
  at System.Windows.Forms.Timer+TimerNativeWindow.WndProc (System.Windows.Forms.Message& m) [0x0002c] in <ef3dd1b1af11490e89408e0d9c28d1f0>:0 
  at System.Windows.Forms.NativeWindow.Callback (System.Windows.Forms.Message& m) [0x00025] in <ef3dd1b1af11490e89408e0d9c28d1f0>:0 
System.ArgumentException: A null reference or invalid value was found [GDI+ status: InvalidParameter]
  at System.Drawing.GDIPlus.CheckStatus (System.Drawing.Status status) [0x00098] in <b58d88bd041145279c2003cf306f84d5>:0 
  at System.Drawing.Bitmap.FromHicon (System.IntPtr hicon) [0x00008] in <b58d88bd041145279c2003cf306f84d5>:0 
  at System.Drawing.Icon..ctor (System.IntPtr handle) [0x00018] in <b58d88bd041145279c2003cf306f84d5>:0 
  at (wrapper remoting-invoke-with-check) System.Drawing.Icon..ctor(intptr)
  at System.Drawing.Icon.FromHandle (System.IntPtr handle) [0x00018] in <b58d88bd041145279c2003cf306f84d5>:0 
  at System.Windows.Forms.Cursor.get_HotSpot () [0x00015] in <ef3dd1b1af11490e89408e0d9c28d1f0>:0 
  at System.Windows.Forms.ToolStrip.UpdateToolTip (System.Windows.Forms.ToolStripItem item) [0x0009b] in <ef3dd1b1af11490e89408e0d9c28d1f0>:0 
  at (wrapper remoting-invoke-with-check) System.Windows.Forms.ToolStrip.UpdateToolTip(System.Windows.Forms.ToolStripItem)
  at System.Windows.Forms.ToolStripItem.OnMouseHover (System.EventArgs e) [0x00025] in <ef3dd1b1af11490e89408e0d9c28d1f0>:0 
  at System.Windows.Forms.ToolStripItem.HandleMouseHover (System.EventArgs e) [0x00001] in <ef3dd1b1af11490e89408e0d9c28d1f0>:0 
  at System.Windows.Forms.ToolStripItem.FireEventInteractive (System.EventArgs e, System.Windows.Forms.ToolStripItemEventType met) [0x00049] in <ef3dd1b1af11490e89408e0d9c28d1f0>:0 
  at System.Windows.Forms.ToolStripItem.FireEvent (System.EventArgs e, System.Windows.Forms.ToolStripItemEventType met) [0x00086] in <ef3dd1b1af11490e89408e0d9c28d1f0>:0 
  at (wrapper remoting-invoke-with-check) System.Windows.Forms.ToolStripItem.FireEvent(System.EventArgs,System.Windows.Forms.ToolStripItemEventType)
  at System.Windows.Forms.MouseHoverTimer.OnTick (System.Object sender, System.EventArgs e) [0x0002c] in <ef3dd1b1af11490e89408e0d9c28d1f0>:0 
  at System.Windows.Forms.Timer.OnTick (System.EventArgs e) [0x0000a] in <ef3dd1b1af11490e89408e0d9c28d1f0>:0 
  at System.Windows.Forms.Timer+TimerNativeWindow.WndProc (System.Windows.Forms.Message& m) [0x0002c] in <ef3dd1b1af11490e89408e0d9c28d1f0>:0 
  at System.Windows.Forms.NativeWindow.Callback (System.Windows.Forms.Message& m) [0x00025] in <ef3dd1b1af11490e89408e0d9c28d1f0>:0 
System.ArgumentException: A null reference or invalid value was found [GDI+ status: InvalidParameter]
  at System.Drawing.GDIPlus.CheckStatus (System.Drawing.Status status) [0x00098] in <b58d88bd041145279c2003cf306f84d5>:0 
  at System.Drawing.Bitmap.FromHicon (System.IntPtr hicon) [0x00008] in <b58d88bd041145279c2003cf306f84d5>:0 
  at System.Drawing.Icon..ctor (System.IntPtr handle) [0x00018] in <b58d88bd041145279c2003cf306f84d5>:0 
  at (wrapper remoting-invoke-with-check) System.Drawing.Icon..ctor(intptr)
  at System.Drawing.Icon.FromHandle (System.IntPtr handle) [0x00018] in <b58d88bd041145279c2003cf306f84d5>:0 
  at System.Windows.Forms.Cursor.get_HotSpot () [0x00015] in <ef3dd1b1af11490e89408e0d9c28d1f0>:0 
  at System.Windows.Forms.ToolStrip.UpdateToolTip (System.Windows.Forms.ToolStripItem item) [0x0009b] in <ef3dd1b1af11490e89408e0d9c28d1f0>:0 
  at (wrapper remoting-invoke-with-check) System.Windows.Forms.ToolStrip.UpdateToolTip(System.Windows.Forms.ToolStripItem)
  at System.Windows.Forms.ToolStripItem.OnMouseHover (System.EventArgs e) [0x00025] in <ef3dd1b1af11490e89408e0d9c28d1f0>:0 
  at System.Windows.Forms.ToolStripItem.HandleMouseHover (System.EventArgs e) [0x00001] in <ef3dd1b1af11490e89408e0d9c28d1f0>:0 
  at System.Windows.Forms.ToolStripItem.FireEventInteractive (System.EventArgs e, System.Windows.Forms.ToolStripItemEventType met) [0x00049] in <ef3dd1b1af11490e89408e0d9c28d1f0>:0 
  at System.Windows.Forms.ToolStripItem.FireEvent (System.EventArgs e, System.Windows.Forms.ToolStripItemEventType met) [0x00086] in <ef3dd1b1af11490e89408e0d9c28d1f0>:0 
  at (wrapper remoting-invoke-with-check) System.Windows.Forms.ToolStripItem.FireEvent(System.EventArgs,System.Windows.Forms.ToolStripItemEventType)
  at System.Windows.Forms.MouseHoverTimer.OnTick (System.Object sender, System.EventArgs e) [0x0002c] in <ef3dd1b1af11490e89408e0d9c28d1f0>:0 
  at System.Windows.Forms.Timer.OnTick (System.EventArgs e) [0x0000a] in <ef3dd1b1af11490e89408e0d9c28d1f0>:0 
  at System.Windows.Forms.Timer+TimerNativeWindow.WndProc (System.Windows.Forms.Message& m) [0x0002c] in <ef3dd1b1af11490e89408e0d9c28d1f0>:0 
  at System.Windows.Forms.NativeWindow.Callback (System.Windows.Forms.Message& m) [0x00025] in <ef3dd1b1af11490e89408e0d9c28d1f0>:0 
