Operating system: Microsoft Windows NT 6.2.9200.0
Opening INI file "C:\Users\conic the cat\Desktop\projects\the vault\github madness 3\sonic-1-github-madness-3\SonPLN.ini"...
Game type is S1.
Loading Text 1...
Loading plane mappings from file "mercuryend/t1.bin", using compression Enigma...
Loading palette file "pallet/mercend.bin"...
Source: 0 Destination: 0 Length: 64
Loading 8x8 tiles from file "mercuryend/endart.bin", using compression Nemesis...
Loading 8x8 tiles from file "otisexe/art/font.bin", using compression Nemesis...
Unable to read file "mercuryend/t1.bin" with compression Enigma:
System.AggregateException: حدث خطأ واحد أو أكثر. ---> System.IO.EndOfStreamException: جرت محاولة القراءة بعد نهاية الدفق.
   عند SonicRetro.KensSharp.NeutralEndian.Read1(Stream stream)
   عند SonicRetro.KensSharp.Enigma.Decode(Stream input, Stream output, Endianness endianness)
   عند SonicRetro.KensSharp.Enigma.Decompress(Stream input, Stream output, Endianness endianness)
   عند SonicRetro.KensSharp.Enigma.Decompress(String sourceFilePath, Endianness endianness)
   عند SonicRetro.SonLVL.API.Compression.Decompress(String file, CompressionType cmp) في C:\Programs\SonLVL\SonLVLAPI\Compression.cs:السطر 51
   عند SonicRetro.SonLVL.SonPLN.MainForm.LoadLevelLayout() في C:\Programs\SonLVL\SonPLN\MainForm.cs:السطر 400
   عند System.Threading.Tasks.Task.InnerInvoke()
   عند System.Threading.Tasks.Task.Execute()
   --- نهاية تتبع بنية تخزين عناصر الاستثناء الداخلي ---
   عند System.Threading.Tasks.Task.FastWaitAll(Task[] tasks)
   عند System.Threading.Tasks.Parallel.Invoke(ParallelOptions parallelOptions, Action[] actions)
   عند System.Threading.Tasks.Parallel.Invoke(Action[] actions)
   عند SonicRetro.SonLVL.SonPLN.MainForm.backgroundLevelLoader_DoWork(Object sender, DoWorkEventArgs e) في C:\Programs\SonLVL\SonPLN\MainForm.cs:السطر 323
---> (الاستثناء الداخلي #0) System.IO.EndOfStreamException: جرت محاولة القراءة بعد نهاية الدفق.
   عند SonicRetro.KensSharp.NeutralEndian.Read1(Stream stream)
   عند SonicRetro.KensSharp.Enigma.Decode(Stream input, Stream output, Endianness endianness)
   عند SonicRetro.KensSharp.Enigma.Decompress(Stream input, Stream output, Endianness endianness)
   عند SonicRetro.KensSharp.Enigma.Decompress(String sourceFilePath, Endianness endianness)
   عند SonicRetro.SonLVL.API.Compression.Decompress(String file, CompressionType cmp) في C:\Programs\SonLVL\SonLVLAPI\Compression.cs:السطر 51
   عند SonicRetro.SonLVL.SonPLN.MainForm.LoadLevelLayout() في C:\Programs\SonLVL\SonPLN\MainForm.cs:السطر 400
   عند System.Threading.Tasks.Task.InnerInvoke()
   عند System.Threading.Tasks.Task.Execute()<---

