Operating system: Microsoft Windows NT 6.2.9200.0
Opening INI file "C:\Users\christian\OneDrive\Documenten\GitHub\sonic-1-github-madness-3\Sonic 1 2005 INIs\SonLVL.ini"...
Game type is S1.
Loading Star Light Zone Act 1...
Loading 16x16 blocks from file "../map16/slz.bin", using compression Enigma...
Loading 8x8 tiles from file "../artnem/8x8slz.bin", using compression Nemesis...
Loading palette file "../pallet/sonic.bin"...
Source: 0 Destination: 0 Length: 16
Loading 256x256 chunks from file "../map256/slz.bin", using compression Kosinski...
Loading palette file "../pallet/slz.bin"...
Source: 0 Destination: 16 Length: 48
Loading FG layout from file "../levels/slz1.bin", using compression Uncompressed...
Loading BG layout from file "../levels/slzbg.bin", using compression Uncompressed...
Loading FG layout from file "../levels/slz2.bin", using compression Uncompressed...
Loading FG layout from file "../levels/slz3.bin", using compression Uncompressed...
Loading object definition file "obj.ini".
Loading object definition file "objSLZ.ini".
Loading ObjectDefinition type S1ObjectDefinitions.Common.Ring from "Common\Ring.cs"...
Loading type from cached assembly "dllcache\S1ObjectDefinitions.Common.Ring.dll"...
Loading ObjectDefinition type S1ObjectDefinitions.Common.InvisibleBlock from "Common\InvisibleBlock.cs"...
Loading type from cached assembly "dllcache\S1ObjectDefinitions.Common.InvisibleBlock.dll"...
Loading ObjectDefinition type S1ObjectDefinitions.SLZ.SwingingPlatform from "SLZ\SwingingPlatform.cs"...
Loading type from cached assembly "dllcache\S1ObjectDefinitions.SLZ.SwingingPlatform.dll"...
Loading type from cached assembly "dllcache\S1ObjectDefinitions.SLZ.Elevator.dll"...
Loading objects from file "../objpos/slz1.bin", using compression Uncompressed...
Loading start position "Level Start" from file "../misc/sloc_lev.bin"...
Drawing block bitmaps...
Drawing chunk bitmaps...
Level loaded in 0.1349064 second(s).
Load completed.
Saving Star Light Zone Act 1...
Saving Star Light Zone Act 1...
Saving Star Light Zone Act 1...
Saving Star Light Zone Act 1...
Saving Star Light Zone Act 1...
System.ComponentModel.Win32Exception (0x80004005): The system cannot find the file specified
   at System.Diagnostics.Process.StartWithShellExecuteEx(ProcessStartInfo startInfo)
   at System.Diagnostics.Process.Start()
   at System.Diagnostics.Process.Start(ProcessStartInfo startInfo)
   at SonicRetro.SonLVL.GUI.MainForm.buildAndRunToolStripMenuItem_Click(Object sender, EventArgs e) in C:\Programs\SonLVL\SonLVL\MainForm.cs:line 985
   at System.Windows.Forms.ToolStripItem.RaiseEvent(Object key, EventArgs e)
   at System.Windows.Forms.ToolStripMenuItem.OnClick(EventArgs e)
   at System.Windows.Forms.ToolStripItem.HandleClick(EventArgs e)
   at System.Windows.Forms.ToolStripItem.FireEventInteractive(EventArgs e, ToolStripItemEventType met)
   at System.Windows.Forms.ToolStripItem.FireEvent(EventArgs e, ToolStripItemEventType met)
   at System.Windows.Forms.ToolStripMenuItem.ProcessCmdKey(Message& m, Keys keyData)
   at System.Windows.Forms.ToolStripManager.ProcessShortcut(Message& m, Keys shortcut)
   at System.Windows.Forms.ToolStripManager.ProcessCmdKey(Message& m, Keys keyData)
   at System.Windows.Forms.ContainerControl.ProcessCmdKey(Message& msg, Keys keyData)
   at System.Windows.Forms.Form.ProcessCmdKey(Message& msg, Keys keyData)
   at System.Windows.Forms.Control.ProcessCmdKey(Message& msg, Keys keyData)
   at System.Windows.Forms.Control.ProcessCmdKey(Message& msg, Keys keyData)
   at System.Windows.Forms.Control.ProcessCmdKey(Message& msg, Keys keyData)
   at System.Windows.Forms.ContainerControl.ProcessCmdKey(Message& msg, Keys keyData)
   at System.Windows.Forms.Control.ProcessCmdKey(Message& msg, Keys keyData)
   at System.Windows.Forms.Control.ProcessCmdKey(Message& msg, Keys keyData)
   at System.Windows.Forms.ContainerControl.ProcessCmdKey(Message& msg, Keys keyData)
   at System.Windows.Forms.Control.ProcessCmdKey(Message& msg, Keys keyData)
   at System.Windows.Forms.Control.ProcessCmdKey(Message& msg, Keys keyData)
   at System.Windows.Forms.ContainerControl.ProcessCmdKey(Message& msg, Keys keyData)
   at System.Windows.Forms.Control.PreProcessMessage(Message& msg)
   at System.Windows.Forms.Control.PreProcessControlMessageInternal(Control target, Message& msg)
   at System.Windows.Forms.Application.ThreadContext.PreTranslateMessage(MSG& msg)
Saving Star Light Zone Act 1...
System.ComponentModel.Win32Exception (0x80004005): The system cannot find the file specified
   at System.Diagnostics.Process.StartWithShellExecuteEx(ProcessStartInfo startInfo)
   at System.Diagnostics.Process.Start()
   at System.Diagnostics.Process.Start(ProcessStartInfo startInfo)
   at SonicRetro.SonLVL.GUI.MainForm.buildAndRunToolStripMenuItem_Click(Object sender, EventArgs e) in C:\Programs\SonLVL\SonLVL\MainForm.cs:line 985
   at System.Windows.Forms.ToolStripItem.RaiseEvent(Object key, EventArgs e)
   at System.Windows.Forms.ToolStripMenuItem.OnClick(EventArgs e)
   at System.Windows.Forms.ToolStripItem.HandleClick(EventArgs e)
   at System.Windows.Forms.ToolStripItem.FireEventInteractive(EventArgs e, ToolStripItemEventType met)
   at System.Windows.Forms.ToolStripItem.FireEvent(EventArgs e, ToolStripItemEventType met)
   at System.Windows.Forms.ToolStripMenuItem.ProcessCmdKey(Message& m, Keys keyData)
   at System.Windows.Forms.ToolStripManager.ProcessShortcut(Message& m, Keys shortcut)
   at System.Windows.Forms.ToolStripManager.ProcessCmdKey(Message& m, Keys keyData)
   at System.Windows.Forms.ContainerControl.ProcessCmdKey(Message& msg, Keys keyData)
   at System.Windows.Forms.Form.ProcessCmdKey(Message& msg, Keys keyData)
   at System.Windows.Forms.Control.ProcessCmdKey(Message& msg, Keys keyData)
   at System.Windows.Forms.Control.ProcessCmdKey(Message& msg, Keys keyData)
   at System.Windows.Forms.Control.ProcessCmdKey(Message& msg, Keys keyData)
   at System.Windows.Forms.ContainerControl.ProcessCmdKey(Message& msg, Keys keyData)
   at System.Windows.Forms.Control.ProcessCmdKey(Message& msg, Keys keyData)
   at System.Windows.Forms.Control.ProcessCmdKey(Message& msg, Keys keyData)
   at System.Windows.Forms.ContainerControl.ProcessCmdKey(Message& msg, Keys keyData)
   at System.Windows.Forms.Control.ProcessCmdKey(Message& msg, Keys keyData)
   at System.Windows.Forms.Control.ProcessCmdKey(Message& msg, Keys keyData)
   at System.Windows.Forms.ContainerControl.ProcessCmdKey(Message& msg, Keys keyData)
   at System.Windows.Forms.Control.PreProcessMessage(Message& msg)
   at System.Windows.Forms.Control.PreProcessControlMessageInternal(Control target, Message& msg)
   at System.Windows.Forms.Application.ThreadContext.PreTranslateMessage(MSG& msg)
